<?xml version="1.0" encoding="UTF-8"?>
<testsuite name="Tests" tests="2" skipped="0" failures="0" errors="0" timestamp="2020-02-20T14:47:33" hostname="Olavs-MacBook-Pro.local" time="0.005">
  <properties/>
  <testcase name="AddsCorrectAmmountOfCustomers" classname="Tests" time="0.002"/>
  <testcase name="LengthGreaterThanZero" classname="Tests" time="0.002"/>
  <system-out><![CDATA[]]></system-out>
  <system-err><![CDATA[]]></system-err>
</testsuite>
